2024-08-14 16:02:08,869 INFO o.s.b.StartupInfoLogger [main] Starting BootApplicationKt using Java 21.0.4 with PID 9140 (C:\Users\luanr\github\TemplateCleanArchitecture\application\build\classes\kotlin\main started by luanr in C:\Users\luanr\github\TemplateCleanArchitecture)
2024-08-14 16:02:08,872 INFO o.s.b.SpringApplication [main] No active profile set, falling back to 1 default profile: "default"
2024-08-14 16:02:11,029 INFO o.s.b.w.e.t.TomcatWebServer [main] Tomcat initialized with port 8080 (http)
2024-08-14 16:02:11,046 INFO o.a.j.l.DirectJDKLog [main] Initializing ProtocolHandler ["http-nio-8080"]
2024-08-14 16:02:11,058 INFO o.a.j.l.DirectJDKLog [main] Starting service [Tomcat]
2024-08-14 16:02:11,058 INFO o.a.j.l.DirectJDKLog [main] Starting Servlet engine: [Apache Tomcat/10.1.28]
2024-08-14 16:02:11,127 INFO o.a.j.l.DirectJDKLog [main] Initializing Spring embedded WebApplicationContext
2024-08-14 16:02:11,128 INFO o.s.b.w.s.c.ServletWebServerApplicationContext [main] Root WebApplicationContext: initialization completed in 2139 ms
2024-08-14 16:02:12,199 INFO o.s.b.a.e.w.EndpointLinksResolver [main] Exposing 14 endpoints beneath base path '/actuator'
2024-08-14 16:02:12,268 INFO o.a.j.l.DirectJDKLog [main] Starting ProtocolHandler ["http-nio-8080"]
2024-08-14 16:02:12,299 INFO o.s.b.w.e.t.TomcatWebServer [main] Tomcat started on port 8080 (http) with context path '/'
2024-08-14 16:02:12,317 INFO o.s.b.StartupInfoLogger [main] Started BootApplicationKt in 4.075 seconds (process running for 5.03)
2024-08-14 16:12:34,270 INFO o.s.b.StartupInfoLogger [main] Starting BootApplicationKt using Java 21.0.4 with PID 6824 (C:\Users\luanr\github\TemplateCleanArchitecture\application\build\classes\kotlin\main started by luanr in C:\Users\luanr\github\TemplateCleanArchitecture)
2024-08-14 16:12:34,275 INFO o.s.b.SpringApplication [main] No active profile set, falling back to 1 default profile: "default"
2024-08-14 16:12:36,493 INFO o.s.b.w.e.t.TomcatWebServer [main] Tomcat initialized with port 8080 (http)
2024-08-14 16:12:36,509 INFO o.a.j.l.DirectJDKLog [main] Initializing ProtocolHandler ["http-nio-8080"]
2024-08-14 16:12:36,514 INFO o.a.j.l.DirectJDKLog [main] Starting service [Tomcat]
2024-08-14 16:12:36,515 INFO o.a.j.l.DirectJDKLog [main] Starting Servlet engine: [Apache Tomcat/10.1.28]
2024-08-14 16:12:36,603 INFO o.a.j.l.DirectJDKLog [main] Initializing Spring embedded WebApplicationContext
2024-08-14 16:12:36,605 INFO o.s.b.w.s.c.ServletWebServerApplicationContext [main] Root WebApplicationContext: initialization completed in 2196 ms
2024-08-14 16:12:37,759 INFO o.s.b.a.e.w.EndpointLinksResolver [main] Exposing 14 endpoints beneath base path '/actuator'
2024-08-14 16:12:37,832 INFO o.a.j.l.DirectJDKLog [main] Starting ProtocolHandler ["http-nio-8080"]
2024-08-14 16:12:37,866 INFO o.s.b.w.e.t.TomcatWebServer [main] Tomcat started on port 8080 (http) with context path '/'
2024-08-14 16:12:37,883 INFO o.s.b.StartupInfoLogger [main] Started BootApplicationKt in 4.255 seconds (process running for 5.233)
2024-08-14 16:12:55,215 INFO o.a.j.l.DirectJDKLog [http-nio-8080-exec-1] Initializing Spring DispatcherServlet 'dispatcherServlet'
2024-08-14 16:12:55,215 INFO o.s.w.s.FrameworkServlet [http-nio-8080-exec-1] Initializing Servlet 'dispatcherServlet'
2024-08-14 16:12:55,216 INFO o.s.w.s.FrameworkServlet [http-nio-8080-exec-1] Completed initialization in 1 ms
2024-08-14 16:12:55,854 INFO o.s.a.AbstractOpenApiResource [http-nio-8080-exec-3] Init duration for springdoc-openapi is: 331 ms
2024-08-14 16:41:32,483 INFO o.s.b.StartupInfoLogger [main] Starting BootApplicationKt using Java 21.0.4 with PID 17144 (C:\Users\luanr\github\TemplateCleanArchitecture\application\build\classes\kotlin\main started by luanr in C:\Users\luanr\github\TemplateCleanArchitecture)
2024-08-14 16:41:32,514 INFO o.s.b.SpringApplication [main] No active profile set, falling back to 1 default profile: "default"
2024-08-14 16:41:41,400 INFO o.s.b.w.e.t.TomcatWebServer [main] Tomcat initialized with port 8080 (http)
2024-08-14 16:41:41,482 INFO o.a.j.l.DirectJDKLog [main] Initializing ProtocolHandler ["http-nio-8080"]
2024-08-14 16:41:41,492 INFO o.a.j.l.DirectJDKLog [main] Starting service [Tomcat]
2024-08-14 16:41:41,492 INFO o.a.j.l.DirectJDKLog [main] Starting Servlet engine: [Apache Tomcat/10.1.28]
2024-08-14 16:41:41,706 INFO o.a.j.l.DirectJDKLog [main] Initializing Spring embedded WebApplicationContext
2024-08-14 16:41:41,709 INFO o.s.b.w.s.c.ServletWebServerApplicationContext [main] Root WebApplicationContext: initialization completed in 8595 ms
2024-08-14 16:41:44,394 INFO o.s.b.a.e.w.EndpointLinksResolver [main] Exposing 14 endpoints beneath base path '/actuator'
2024-08-14 16:41:44,769 INFO o.a.j.l.DirectJDKLog [main] Starting ProtocolHandler ["http-nio-8080"]
2024-08-14 16:41:44,832 INFO o.s.b.w.e.t.TomcatWebServer [main] Tomcat started on port 8080 (http) with context path '/'
2024-08-14 16:41:44,859 INFO o.s.b.StartupInfoLogger [main] Started BootApplicationKt in 14.358 seconds (process running for 15.912)
2024-08-14 16:49:07,893 INFO o.s.b.StartupInfoLogger [main] Starting BootApplicationKt using Java 21.0.4 with PID 22824 (C:\Users\luanr\github\TemplateCleanArchitecture\application\build\classes\kotlin\main started by luanr in C:\Users\luanr\github\TemplateCleanArchitecture)
2024-08-14 16:49:07,903 INFO o.s.b.SpringApplication [main] No active profile set, falling back to 1 default profile: "default"
2024-08-14 16:49:13,737 INFO o.s.b.w.e.t.TomcatWebServer [main] Tomcat initialized with port 8080 (http)
2024-08-14 16:49:13,779 INFO o.a.j.l.DirectJDKLog [main] Initializing ProtocolHandler ["http-nio-8080"]
2024-08-14 16:49:13,814 INFO o.a.j.l.DirectJDKLog [main] Starting service [Tomcat]
2024-08-14 16:49:13,815 INFO o.a.j.l.DirectJDKLog [main] Starting Servlet engine: [Apache Tomcat/10.1.28]
2024-08-14 16:49:14,005 INFO o.a.j.l.DirectJDKLog [main] Initializing Spring embedded WebApplicationContext
2024-08-14 16:49:14,008 INFO o.s.b.w.s.c.ServletWebServerApplicationContext [main] Root WebApplicationContext: initialization completed in 5706 ms
2024-08-14 16:49:17,845 INFO o.s.b.a.e.w.EndpointLinksResolver [main] Exposing 14 endpoints beneath base path '/actuator'
2024-08-14 16:49:17,988 INFO o.a.j.l.DirectJDKLog [main] Starting ProtocolHandler ["http-nio-8080"]
2024-08-14 16:49:18,026 INFO o.s.b.w.e.t.TomcatWebServer [main] Tomcat started on port 8080 (http) with context path '/'
2024-08-14 16:49:18,058 INFO o.s.b.StartupInfoLogger [main] Started BootApplicationKt in 11.6 seconds (process running for 14.408)
2024-08-14 16:49:21,436 INFO o.a.j.l.DirectJDKLog [http-nio-8080-exec-1] Initializing Spring DispatcherServlet 'dispatcherServlet'
2024-08-14 16:49:21,436 INFO o.s.w.s.FrameworkServlet [http-nio-8080-exec-1] Initializing Servlet 'dispatcherServlet'
2024-08-14 16:49:21,438 INFO o.s.w.s.FrameworkServlet [http-nio-8080-exec-1] Completed initialization in 2 ms
2024-08-14 16:49:23,440 INFO o.s.a.AbstractOpenApiResource [http-nio-8080-exec-4] Init duration for springdoc-openapi is: 1345 ms
